<?xml version="1.0" encoding="UTF-8"?>
<coverage generated="1615381158211" clover="3.2.0">
  <project timestamp="1615381158212" name="All files">
    <metrics statements="22" coveredstatements="19" conditionals="5" coveredconditionals="4" methods="11" coveredmethods="8" elements="38" coveredelements="31" complexity="0" loc="22" ncloc="22" packages="2" files="2" classes="2"/>
    <package name="exs">
      <metrics statements="6" coveredstatements="3" conditionals="0" coveredconditionals="0" methods="4" coveredmethods="1"/>
      <file name="app.js" path="C:\Users\יהודית\Desktop\kobi\code-study\apple seeds\coruse\exs\js\exs\app.js">
        <metrics statements="6" coveredstatements="3" conditionals="0" coveredconditionals="0" methods="4" coveredmethods="1"/>
        <line num="2" count="0" type="stmt"/>
        <line num="5" count="0" type="stmt"/>
        <line num="8" count="0" type="stmt"/>
        <line num="10" count="1" type="stmt"/>
        <line num="12" count="1" type="stmt"/>
        <line num="14" count="1" type="stmt"/>
      </file>
    </package>
    <package name="exs.crudNode">
      <metrics statements="16" coveredstatements="16" conditionals="5" coveredconditionals="4" methods="7" coveredmethods="7"/>
      <file name="CRUDNode.js" path="C:\Users\יהודית\Desktop\kobi\code-study\apple seeds\coruse\exs\js\exs\crudNode\CRUDNode.js">
        <metrics statements="16" coveredstatements="16" conditionals="5" coveredconditionals="4" methods="7" coveredmethods="7"/>
        <line num="1" count="1" type="stmt"/>
        <line num="2" count="1" type="stmt"/>
        <line num="4" count="9" type="stmt"/>
        <line num="7" count="1" type="stmt"/>
        <line num="8" count="1" type="stmt"/>
        <line num="9" count="1" type="stmt"/>
        <line num="13" count="4" type="stmt"/>
        <line num="14" count="13" type="cond" truecount="2" falsecount="0"/>
        <line num="16" count="4" type="stmt"/>
        <line num="19" count="2" type="stmt"/>
        <line num="20" count="2" type="stmt"/>
        <line num="23" count="1" type="stmt"/>
        <line num="24" count="14" type="cond" truecount="2" falsecount="0"/>
        <line num="25" count="9" type="stmt"/>
        <line num="27" count="1" type="stmt"/>
        <line num="37" count="1" type="stmt"/>
      </file>
    </package>
  </project>
</coverage>
