<?xml version="1.0" encoding="UTF-8"?>
<coverage generated="1615469021144" clover="3.2.0">
  <project timestamp="1615469021144" name="All files">
    <metrics statements="24" coveredstatements="21" conditionals="5" coveredconditionals="4" methods="11" coveredmethods="8" elements="40" coveredelements="33" complexity="0" loc="24" ncloc="24" packages="2" files="2" classes="2"/>
    <package name="exs">
      <metrics statements="6" coveredstatements="3" conditionals="0" coveredconditionals="0" methods="4" coveredmethods="1"/>
      <file name="app.js" path="C:\Users\יהודית\Desktop\kobi\code-study\apple seeds\coruse\exs\js\exs\app.js">
        <metrics statements="6" coveredstatements="3" conditionals="0" coveredconditionals="0" methods="4" coveredmethods="1"/>
        <line num="2" count="0" type="stmt"/>
        <line num="5" count="0" type="stmt"/>
        <line num="8" count="0" type="stmt"/>
        <line num="10" count="1" type="stmt"/>
        <line num="12" count="1" type="stmt"/>
        <line num="14" count="1" type="stmt"/>
      </file>
    </package>
    <package name="exs.crudNode">
      <metrics statements="18" coveredstatements="18" conditionals="5" coveredconditionals="4" methods="7" coveredmethods="7"/>
      <file name="CRUDNode.js" path="C:\Users\יהודית\Desktop\kobi\code-study\apple seeds\coruse\exs\js\exs\crudNode\CRUDNode.js">
        <metrics statements="18" coveredstatements="18" conditionals="5" coveredconditionals="4" methods="7" coveredmethods="7"/>
        <line num="1" count="1" type="stmt"/>
        <line num="2" count="1" type="stmt"/>
        <line num="4" count="9" type="stmt"/>
        <line num="5" count="9" type="stmt"/>
        <line num="6" count="9" type="stmt"/>
        <line num="9" count="1" type="stmt"/>
        <line num="10" count="1" type="stmt"/>
        <line num="11" count="1" type="stmt"/>
        <line num="15" count="4" type="stmt"/>
        <line num="16" count="13" type="cond" truecount="2" falsecount="0"/>
        <line num="18" count="4" type="stmt"/>
        <line num="21" count="2" type="stmt"/>
        <line num="22" count="2" type="stmt"/>
        <line num="25" count="1" type="stmt"/>
        <line num="26" count="16" type="cond" truecount="2" falsecount="0"/>
        <line num="27" count="10" type="stmt"/>
        <line num="29" count="1" type="stmt"/>
        <line num="40" count="1" type="stmt"/>
      </file>
    </package>
  </project>
</coverage>
