{"C:\\Users\\יהודית\\Desktop\\kobi\\code-study\\apple seeds\\coruse\\exs\\js\\exs\\app.js": {"path":"C:\\Users\\יהודית\\Desktop\\kobi\\code-study\\apple seeds\\coruse\\exs\\js\\exs\\app.js","statementMap":{"0":{"start":{"line":2,"column":2},"end":{"line":2,"column":20}},"1":{"start":{"line":5,"column":2},"end":{"line":5,"column":20}},"2":{"start":{"line":8,"column":2},"end":{"line":8,"column":13}},"3":{"start":{"line":10,"column":0},"end":{"line":10,"column":27}},"4":{"start":{"line":12,"column":2},"end":{"line":12,"column":22}},"5":{"start":{"line":14,"column":0},"end":{"line":14,"column":4}}},"fnMap":{"0":{"name":"a","decl":{"start":{"line":1,"column":9},"end":{"line":1,"column":10}},"loc":{"start":{"line":1,"column":16},"end":{"line":3,"column":1}},"line":1},"1":{"name":"b","decl":{"start":{"line":4,"column":9},"end":{"line":4,"column":10}},"loc":{"start":{"line":4,"column":16},"end":{"line":6,"column":1}},"line":4},"2":{"name":"c","decl":{"start":{"line":7,"column":9},"end":{"line":7,"column":10}},"loc":{"start":{"line":7,"column":16},"end":{"line":9,"column":1}},"line":7},"3":{"name":"d","decl":{"start":{"line":11,"column":9},"end":{"line":11,"column":10}},"loc":{"start":{"line":11,"column":13},"end":{"line":13,"column":1}},"line":11}},"branchMap":{},"s":{"0":0,"1":0,"2":0,"3":1,"4":1,"5":1},"f":{"0":0,"1":0,"2":0,"3":1},"b":{},"_coverageSchema":"1a1c01bbd47fc00a2c39e90264f33305004495a9","hash":"33586fc52e4fd90f29d2a272443fa66dcd5da77e"}
,"C:\\Users\\יהודית\\Desktop\\kobi\\code-study\\apple seeds\\coruse\\exs\\js\\exs\\crudNode\\CRUDNode.js": {"path":"C:\\Users\\יהודית\\Desktop\\kobi\\code-study\\apple seeds\\coruse\\exs\\js\\exs\\crudNode\\CRUDNode.js","statementMap":{"0":{"start":{"line":1,"column":13},"end":{"line":1,"column":15}},"1":{"start":{"line":2,"column":8},"end":{"line":2,"column":9}},"2":{"start":{"line":4,"column":2},"end":{"line":4,"column":17}},"3":{"start":{"line":5,"column":2},"end":{"line":5,"column":6}},"4":{"start":{"line":6,"column":2},"end":{"line":6,"column":62}},"5":{"start":{"line":9,"column":16},"end":{"line":9,"column":28}},"6":{"start":{"line":10,"column":2},"end":{"line":10,"column":24}},"7":{"start":{"line":11,"column":2},"end":{"line":11,"column":14}},"8":{"start":{"line":15,"column":2},"end":{"line":17,"column":5}},"9":{"start":{"line":16,"column":4},"end":{"line":16,"column":34}},"10":{"start":{"line":16,"column":24},"end":{"line":16,"column":34}},"11":{"start":{"line":18,"column":2},"end":{"line":18,"column":15}},"12":{"start":{"line":21,"column":16},"end":{"line":21,"column":28}},"13":{"start":{"line":22,"column":2},"end":{"line":22,"column":53}},"14":{"start":{"line":25,"column":2},"end":{"line":28,"column":5}},"15":{"start":{"line":26,"column":4},"end":{"line":26,"column":32}},"16":{"start":{"line":26,"column":23},"end":{"line":26,"column":32}},"17":{"start":{"line":27,"column":4},"end":{"line":27,"column":14}},"18":{"start":{"line":29,"column":2},"end":{"line":29,"column":14}},"19":{"start":{"line":40,"column":0},"end":{"line":40,"column":71}}},"fnMap":{"0":{"name":"addItem","decl":{"start":{"line":3,"column":9},"end":{"line":3,"column":16}},"loc":{"start":{"line":3,"column":48},"end":{"line":7,"column":1}},"line":3},"1":{"name":"deleteItem","decl":{"start":{"line":8,"column":9},"end":{"line":8,"column":19}},"loc":{"start":{"line":8,"column":24},"end":{"line":12,"column":1}},"line":8},"2":{"name":"findById","decl":{"start":{"line":13,"column":9},"end":{"line":13,"column":17}},"loc":{"start":{"line":13,"column":22},"end":{"line":19,"column":1}},"line":13},"3":{"name":"(anonymous_3)","decl":{"start":{"line":15,"column":12},"end":{"line":15,"column":13}},"loc":{"start":{"line":15,"column":25},"end":{"line":17,"column":3}},"line":15},"4":{"name":"toggle","decl":{"start":{"line":20,"column":9},"end":{"line":20,"column":15}},"loc":{"start":{"line":20,"column":20},"end":{"line":23,"column":1}},"line":20},"5":{"name":"getAll","decl":{"start":{"line":24,"column":9},"end":{"line":24,"column":15}},"loc":{"start":{"line":24,"column":18},"end":{"line":30,"column":1}},"line":24},"6":{"name":"(anonymous_6)","decl":{"start":{"line":25,"column":12},"end":{"line":25,"column":13}},"loc":{"start":{"line":25,"column":22},"end":{"line":28,"column":3}},"line":25}},"branchMap":{"0":{"loc":{"start":{"line":3,"column":27},"end":{"line":3,"column":46}},"type":"default-arg","locations":[{"start":{"line":3,"column":41},"end":{"line":3,"column":46}}],"line":3},"1":{"loc":{"start":{"line":16,"column":4},"end":{"line":16,"column":34}},"type":"if","locations":[{"start":{"line":16,"column":4},"end":{"line":16,"column":34}},{"start":{"line":16,"column":4},"end":{"line":16,"column":34}}],"line":16},"2":{"loc":{"start":{"line":26,"column":4},"end":{"line":26,"column":32}},"type":"if","locations":[{"start":{"line":26,"column":4},"end":{"line":26,"column":32}},{"start":{"line":26,"column":4},"end":{"line":26,"column":32}}],"line":26}},"s":{"0":1,"1":1,"2":9,"3":9,"4":9,"5":1,"6":1,"7":1,"8":4,"9":13,"10":7,"11":4,"12":2,"13":2,"14":1,"15":16,"16":6,"17":10,"18":1,"19":1},"f":{"0":9,"1":1,"2":4,"3":13,"4":2,"5":1,"6":16},"b":{"0":[0],"1":[7,6],"2":[6,10]},"_coverageSchema":"1a1c01bbd47fc00a2c39e90264f33305004495a9","hash":"c6f0ca0310bdd8b1255180ddbc5cc46d151f0cf8"}
}
