TN:
SF:app.js
FN:1,a
FN:4,b
FN:7,c
FN:11,d
FNF:4
FNH:1
FNDA:0,a
FNDA:0,b
FNDA:0,c
FNDA:1,d
DA:2,0
DA:5,0
DA:8,0
DA:10,1
DA:12,1
DA:14,1
LF:6
LH:3
BRF:0
BRH:0
end_of_record
TN:
SF:crudNode\CRUDNode.js
FN:3,addItem
FN:8,deleteItem
FN:13,findById
FN:15,(anonymous_3)
FN:20,toggle
FN:24,getAll
FN:25,(anonymous_6)
FNF:7
FNH:7
FNDA:9,addItem
FNDA:1,deleteItem
FNDA:4,findById
FNDA:13,(anonymous_3)
FNDA:2,toggle
FNDA:1,getAll
FNDA:16,(anonymous_6)
DA:1,1
DA:2,1
DA:4,9
DA:5,9
DA:6,9
DA:9,1
DA:10,1
DA:11,1
DA:15,4
DA:16,13
DA:18,4
DA:21,2
DA:22,2
DA:25,1
DA:26,16
DA:27,10
DA:29,1
DA:40,1
LF:18
LH:18
BRDA:3,0,0,0
BRDA:16,1,0,7
BRDA:16,1,1,6
BRDA:26,2,0,6
BRDA:26,2,1,10
BRF:5
BRH:4
end_of_record
