TN:
SF:app.js
FN:1,a
FN:4,b
FN:7,c
FN:11,d
FNF:4
FNH:1
FNDA:0,a
FNDA:0,b
FNDA:0,c
FNDA:1,d
DA:2,0
DA:5,0
DA:8,0
DA:10,1
DA:12,1
DA:14,1
LF:6
LH:3
BRF:0
BRH:0
end_of_record
TN:
SF:crudNode\CRUDNode.js
FN:3,addItem
FN:6,deleteItem
FN:11,findById
FN:13,(anonymous_3)
FN:18,toggle
FN:22,getAll
FN:23,(anonymous_6)
FNF:7
FNH:7
FNDA:9,addItem
FNDA:1,deleteItem
FNDA:4,findById
FNDA:13,(anonymous_3)
FNDA:2,toggle
FNDA:1,getAll
FNDA:14,(anonymous_6)
DA:1,1
DA:2,1
DA:4,9
DA:7,1
DA:8,1
DA:9,1
DA:13,4
DA:14,13
DA:16,4
DA:19,2
DA:20,2
DA:23,1
DA:24,14
DA:25,9
DA:27,1
DA:37,1
LF:16
LH:16
BRDA:3,0,0,0
BRDA:14,1,0,7
BRDA:14,1,1,6
BRDA:24,2,0,5
BRDA:24,2,1,9
BRF:5
BRH:4
end_of_record
